;S
0_old 0 _ r 1o
0_old 1 _ r 1i
0_old _ _ * accept
1o _ _ l 2o
1o * * r 1o
1i _ _ l 2i
1i * * r 1i
2o 0 _ l 3
2o _ _ * accept
2o * * * reject
2i 1 _ l 3
2i _ _ * accept
2i * * * reject
3 _ _ * accept
3 * * l 4
4 * * l 4
4 _ _ r 0_old
accept * : r accept2
accept2 * ) * halt-accept
reject _ : r reject2
reject * _ l reject
reject2 * ( * halt-reject
0 0 # r 1_aux
0 1 # r 2_aux
0 _ # r 3_aux
1_aux 0 0 r 1_aux
1_aux _ 0 r 3_aux
1_aux 1 0 r 2_aux
2_aux 0 1 r 1_aux
2_aux 1 1 r 2_aux
2_aux _ 1 r 3_aux
3_aux * * r 3_aux
3_aux _ # l 4_aux
4_aux * * l 4_aux
4_aux # # r 0_old
2o # # r shift_right_3
shift_right_3 _ _ r shift_1_3
shift_right_3 0 _ r shift_2_3
shift_right_3 1 _ r shift_3_3
shift_1_3 _ _ r shift_1_3
shift_1_3 0 _ r shift_2_3
shift_1_3 1 _ r shift_3_3
shift_1_3 # _ r shift_4_3
shift_2_3 _ 0 r shift_1_3
shift_2_3 0 0 r shift_2_3
shift_2_3 1 0 r shift_3_3
shift_2_3 # 0 r shift_4_3
shift_3_3 _ 1 r shift_1_3
shift_3_3 0 1 r shift_2_3
shift_3_3 1 1 r shift_3_3
shift_3_3 # 1 r shift_4_3
shift_4_3 _ # l shift_final_3
shift_final_3 * * l shift_final_3
shift_final_3 # # r 2o
2i # # r shift_right_5
shift_right_5 _ _ r shift_1_5
shift_right_5 0 _ r shift_2_5
shift_right_5 1 _ r shift_3_5
shift_1_5 _ _ r shift_1_5
shift_1_5 0 _ r shift_2_5
shift_1_5 1 _ r shift_3_5
shift_1_5 # _ r shift_4_5
shift_2_5 _ 0 r shift_1_5
shift_2_5 0 0 r shift_2_5
shift_2_5 1 0 r shift_3_5
shift_2_5 # 0 r shift_4_5
shift_3_5 _ 1 r shift_1_5
shift_3_5 0 1 r shift_2_5
shift_3_5 1 1 r shift_3_5
shift_3_5 # 1 r shift_4_5
shift_4_5 _ # l shift_final_5
shift_final_5 * * l shift_final_5
shift_final_5 # # r 2i
3 # # r shift_right_7
shift_right_7 _ _ r shift_1_7
shift_right_7 0 _ r shift_2_7
shift_right_7 1 _ r shift_3_7
shift_1_7 _ _ r shift_1_7
shift_1_7 0 _ r shift_2_7
shift_1_7 1 _ r shift_3_7
shift_1_7 # _ r shift_4_7
shift_2_7 _ 0 r shift_1_7
shift_2_7 0 0 r shift_2_7
shift_2_7 1 0 r shift_3_7
shift_2_7 # 0 r shift_4_7
shift_3_7 _ 1 r shift_1_7
shift_3_7 0 1 r shift_2_7
shift_3_7 1 1 r shift_3_7
shift_3_7 # 1 r shift_4_7
shift_4_7 _ # l shift_final_7
shift_final_7 * * l shift_final_7
shift_final_7 # # r 3
4 # # r shift_right_14
shift_right_14 _ _ r shift_1_14
shift_right_14 0 _ r shift_2_14
shift_right_14 1 _ r shift_3_14
shift_1_14 _ _ r shift_1_14
shift_1_14 0 _ r shift_2_14
shift_1_14 1 _ r shift_3_14
shift_1_14 # _ r shift_4_14
shift_2_14 _ 0 r shift_1_14
shift_2_14 0 0 r shift_2_14
shift_2_14 1 0 r shift_3_14
shift_2_14 # 0 r shift_4_14
shift_3_14 _ 1 r shift_1_14
shift_3_14 0 1 r shift_2_14
shift_3_14 1 1 r shift_3_14
shift_3_14 # 1 r shift_4_14
shift_4_14 _ # l shift_final_14
shift_final_14 * * l shift_final_14
shift_final_14 # # r 4
reject # # r shift_right_20
shift_right_20 _ _ r shift_1_20
shift_right_20 0 _ r shift_2_20
shift_right_20 1 _ r shift_3_20
shift_1_20 _ _ r shift_1_20
shift_1_20 0 _ r shift_2_20
shift_1_20 1 _ r shift_3_20
shift_1_20 # _ r shift_4_20
shift_2_20 _ 0 r shift_1_20
shift_2_20 0 0 r shift_2_20
shift_2_20 1 0 r shift_3_20
shift_2_20 # 0 r shift_4_20
shift_3_20 _ 1 r shift_1_20
shift_3_20 0 1 r shift_2_20
shift_3_20 1 1 r shift_3_20
shift_3_20 # 1 r shift_4_20
shift_4_20 _ # l shift_final_20
shift_final_20 * * l shift_final_20
shift_final_20 # # r reject
1o # _ r delim_dir_0
delim_dir_0 _ # l 1o
1i # _ r delim_dir_1
delim_dir_1 _ # l 1i
0_old # _ r delim_dir_16
delim_dir_16 _ # l 0_old
accept2 # _ r delim_dir_17
delim_dir_17 _ # l accept2
reject2 # _ r delim_dir_19
delim_dir_19 _ # l reject2
