;S
0_old * * l 1
1 * a r 2
2 _ b l 3
2 * * r 2
3 a a r 4
3 x x r 4
3 y y r 4
3 * * l 3
4 0 x r 5x
4 1 y r 5y
4 b b l 9
9 x 0 l 9
9 y 1 l 9
9 a a r 10
5x b b r 6x
5x * * r 5x
5y b b r 6y
5y * * r 5y
6x _ 0 l 3
6x * * r 6x
6y _ 1 l 3
6y * * r 6y
10 _ c l 11
10 * * r 10
11 b b r 12
11 x x r 12
11 y y r 12
11 * * l 11
12 0 x r 13x
12 1 y r 13y
12 c c l 20
13x _ 0 l 11
13x * * r 13x
13y _ 1 l 11
13y * * r 13y
20 x 0 l 20
20 y 1 l 20
20 b b r 21
21 _ d l 22
21 * * r 21
22 1 0 r 23
22 0 1 l 22
22 c ! * error
23 d d r 50
23 * * r 23
50 c c r 51
50 x x r 51
50 y y r 51
50 * * l 50
51 0 x r 52x
51 1 y r 52y
51 d d l 53
52x _ 0 l 50
52x * * r 52x
52y _ 1 l 50
52y * * r 52y
53 x 0 l 53
53 y 1 l 53
53 c c r 60
60 _ _ l 61
60 * * r 60
61 1 0 l 62
61 0 1 l 61
61 d d r 70
62 c c l 63
62 * * l 62
63 1 0 r 60
63 0 1 l 63
63 b b r 80
70 _ _ l 71
70 * * r 70
71 d d l 72
71 * _ l 71
72 c c * 50
72 * * l 72
80 _ _ l 81a
80 * * r 80
81a 0 1 r 81b
81a 1 0 l 81a
81a d d r 81k
81b _ _ l 81c
81b * * r 81b
81c x x l 81c
81c y y l 81c
81c d d r 100
81c 0 x l 81dx
81c 1 y l 81dy
81dx d d l 81ex
81dx * * l 81dx
81dy d d l 81ey
81dy * * l 81dy
81ex 0 x r 81f
81ex 1 1 r 81k
81ex x x l 81ex
81ex y y l 81ex
81ey 1 y r 81f
81ey 0 0 r 81k
81ey x x l 81ey
81ey y y l 81ey
81f _ _ l 81c
81f * * r 81f
81k _ _ l 81m
81k * * r 81k
81m d d l 81n
81m * _ l 81m
81n x 0 l 81n
81n y 1 l 81n
81n 0 0 r 81o
81n 1 1 r 81o
81o d d l 82
81o * * r 81o
82 1 0 l 83
82 0 1 l 82
82 c c * error
83 c c l 84
83 * * l 83
84 b b l 85
84 * _ l 84
85 a a r 86
85 x x r 86
85 y y r 86
85 * * l 85
86 0 x r 87x
86 1 y r 87y
86 b b l 90
87x b b r 88x
87x * * r 87x
87y b b r 88y
87y * * r 87y
88x _ 0 l 85
88x * * r 88x
88y _ 1 l 85
88y * * r 88y
90 x 0 l 90
90 y 1 l 90
90 a a r 91
91 c c r 51
91 * * r 91
100 _ _ l 101
100 * * r 100
101 d d l 102
101 * _ l 101
102 x 0 l 102
102 y 1 l 102
102 c c r 103
103 d d l 200
103 * * r 103
200 1 0 r 201
200 0 1 l 200
201 d d l 202
201 * * r 201
202 1 0 r 600
202 0 1 l 202
202 c c r 500
500 _ _ l 501
500 * * r 500
501 b _ l 502
501 * _ l 501
502 a _ r 502a
502 * * l 502
502a _ _ r 503
502a * * r 502a
503 * i r 504
504 * s r 505
505 * _ r 506
506 * p r 507
507 * r r 508
508 * i r 509
509 * m r 510
510 * e r 511
511 * ! * halt
600 _ _ l 601
600 * * r 600
601 b _ l 602
601 * _ l 601
602 a _ r 603
602 * * l 602
603 _ _ r 604
603 * * r 603
604 * i r 605
605 * s r 606
606 * _ r 607
607 * n r 608
608 * o r 609
609 * t r 610
610 * _ r 611
611 * p r 612
612 * r r 613
613 * i r 614
614 * m r 615
615 * e r 616
616 * . * halt
0 0 # r 1_aux
0 1 # r 2_aux
1_aux 0 0 r 1_aux
1_aux _ 0 r 3_aux
1_aux 1 0 r 2_aux
2_aux 0 1 r 1_aux
2_aux 1 1 r 2_aux
2_aux _ 1 r 3_aux
3_aux _ & l 4_aux
4_aux * * l 4_aux
4_aux # # r 0_old
1 # # r shift_right_0
shift_right_0 _ _ r shift_1_0
shift_right_0 0 _ r shift_2_0
shift_right_0 1 _ r shift_3_0
shift_1_0 _ _ r shift_1_0
shift_1_0 0 _ r shift_2_0
shift_1_0 1 _ r shift_3_0
shift_1_0 & _ r shift_4_0
shift_2_0 _ 0 r shift_1_0
shift_2_0 0 0 r shift_2_0
shift_2_0 1 0 r shift_3_0
shift_2_0 & 0 r shift_4_0
shift_3_0 _ 1 r shift_1_0
shift_3_0 0 1 r shift_2_0
shift_3_0 1 1 r shift_3_0
shift_3_0 & 1 r shift_4_0
shift_4_0 _ & l shift_final_0
shift_final_0 * * l shift_final_0
shift_final_0 # # r 1
3 # # r shift_right_2
shift_right_2 _ _ r shift_1_2
shift_right_2 0 _ r shift_2_2
shift_right_2 1 _ r shift_3_2
shift_1_2 _ _ r shift_1_2
shift_1_2 0 _ r shift_2_2
shift_1_2 1 _ r shift_3_2
shift_1_2 & _ r shift_4_2
shift_2_2 _ 0 r shift_1_2
shift_2_2 0 0 r shift_2_2
shift_2_2 1 0 r shift_3_2
shift_2_2 & 0 r shift_4_2
shift_3_2 _ 1 r shift_1_2
shift_3_2 0 1 r shift_2_2
shift_3_2 1 1 r shift_3_2
shift_3_2 & 1 r shift_4_2
shift_4_2 _ & l shift_final_2
shift_final_2 * * l shift_final_2
shift_final_2 # # r 3
9 # # r shift_right_10
shift_right_10 _ _ r shift_1_10
shift_right_10 0 _ r shift_2_10
shift_right_10 1 _ r shift_3_10
shift_1_10 _ _ r shift_1_10
shift_1_10 0 _ r shift_2_10
shift_1_10 1 _ r shift_3_10
shift_1_10 & _ r shift_4_10
shift_2_10 _ 0 r shift_1_10
shift_2_10 0 0 r shift_2_10
shift_2_10 1 0 r shift_3_10
shift_2_10 & 0 r shift_4_10
shift_3_10 _ 1 r shift_1_10
shift_3_10 0 1 r shift_2_10
shift_3_10 1 1 r shift_3_10
shift_3_10 & 1 r shift_4_10
shift_4_10 _ & l shift_final_10
shift_final_10 * * l shift_final_10
shift_final_10 # # r 9
11 # # r shift_right_22
shift_right_22 _ _ r shift_1_22
shift_right_22 0 _ r shift_2_22
shift_right_22 1 _ r shift_3_22
shift_1_22 _ _ r shift_1_22
shift_1_22 0 _ r shift_2_22
shift_1_22 1 _ r shift_3_22
shift_1_22 & _ r shift_4_22
shift_2_22 _ 0 r shift_1_22
shift_2_22 0 0 r shift_2_22
shift_2_22 1 0 r shift_3_22
shift_2_22 & 0 r shift_4_22
shift_3_22 _ 1 r shift_1_22
shift_3_22 0 1 r shift_2_22
shift_3_22 1 1 r shift_3_22
shift_3_22 & 1 r shift_4_22
shift_4_22 _ & l shift_final_22
shift_final_22 * * l shift_final_22
shift_final_22 # # r 11
20 # # r shift_right_30
shift_right_30 _ _ r shift_1_30
shift_right_30 0 _ r shift_2_30
shift_right_30 1 _ r shift_3_30
shift_1_30 _ _ r shift_1_30
shift_1_30 0 _ r shift_2_30
shift_1_30 1 _ r shift_3_30
shift_1_30 & _ r shift_4_30
shift_2_30 _ 0 r shift_1_30
shift_2_30 0 0 r shift_2_30
shift_2_30 1 0 r shift_3_30
shift_2_30 & 0 r shift_4_30
shift_3_30 _ 1 r shift_1_30
shift_3_30 0 1 r shift_2_30
shift_3_30 1 1 r shift_3_30
shift_3_30 & 1 r shift_4_30
shift_4_30 _ & l shift_final_30
shift_final_30 * * l shift_final_30
shift_final_30 # # r 20
22 # # r shift_right_38
shift_right_38 _ _ r shift_1_38
shift_right_38 0 _ r shift_2_38
shift_right_38 1 _ r shift_3_38
shift_1_38 _ _ r shift_1_38
shift_1_38 0 _ r shift_2_38
shift_1_38 1 _ r shift_3_38
shift_1_38 & _ r shift_4_38
shift_2_38 _ 0 r shift_1_38
shift_2_38 0 0 r shift_2_38
shift_2_38 1 0 r shift_3_38
shift_2_38 & 0 r shift_4_38
shift_3_38 _ 1 r shift_1_38
shift_3_38 0 1 r shift_2_38
shift_3_38 1 1 r shift_3_38
shift_3_38 & 1 r shift_4_38
shift_4_38 _ & l shift_final_38
shift_final_38 * * l shift_final_38
shift_final_38 # # r 22
50 # # r shift_right_48
shift_right_48 _ _ r shift_1_48
shift_right_48 0 _ r shift_2_48
shift_right_48 1 _ r shift_3_48
shift_1_48 _ _ r shift_1_48
shift_1_48 0 _ r shift_2_48
shift_1_48 1 _ r shift_3_48
shift_1_48 & _ r shift_4_48
shift_2_48 _ 0 r shift_1_48
shift_2_48 0 0 r shift_2_48
shift_2_48 1 0 r shift_3_48
shift_2_48 & 0 r shift_4_48
shift_3_48 _ 1 r shift_1_48
shift_3_48 0 1 r shift_2_48
shift_3_48 1 1 r shift_3_48
shift_3_48 & 1 r shift_4_48
shift_4_48 _ & l shift_final_48
shift_final_48 * * l shift_final_48
shift_final_48 # # r 50
53 # # r shift_right_51
shift_right_51 _ _ r shift_1_51
shift_right_51 0 _ r shift_2_51
shift_right_51 1 _ r shift_3_51
shift_1_51 _ _ r shift_1_51
shift_1_51 0 _ r shift_2_51
shift_1_51 1 _ r shift_3_51
shift_1_51 & _ r shift_4_51
shift_2_51 _ 0 r shift_1_51
shift_2_51 0 0 r shift_2_51
shift_2_51 1 0 r shift_3_51
shift_2_51 & 0 r shift_4_51
shift_3_51 _ 1 r shift_1_51
shift_3_51 0 1 r shift_2_51
shift_3_51 1 1 r shift_3_51
shift_3_51 & 1 r shift_4_51
shift_4_51 _ & l shift_final_51
shift_final_51 * * l shift_final_51
shift_final_51 # # r 53
61 # # r shift_right_59
shift_right_59 _ _ r shift_1_59
shift_right_59 0 _ r shift_2_59
shift_right_59 1 _ r shift_3_59
shift_1_59 _ _ r shift_1_59
shift_1_59 0 _ r shift_2_59
shift_1_59 1 _ r shift_3_59
shift_1_59 & _ r shift_4_59
shift_2_59 _ 0 r shift_1_59
shift_2_59 0 0 r shift_2_59
shift_2_59 1 0 r shift_3_59
shift_2_59 & 0 r shift_4_59
shift_3_59 _ 1 r shift_1_59
shift_3_59 0 1 r shift_2_59
shift_3_59 1 1 r shift_3_59
shift_3_59 & 1 r shift_4_59
shift_4_59 _ & l shift_final_59
shift_final_59 * * l shift_final_59
shift_final_59 # # r 61
62 # # r shift_right_61
shift_right_61 _ _ r shift_1_61
shift_right_61 0 _ r shift_2_61
shift_right_61 1 _ r shift_3_61
shift_1_61 _ _ r shift_1_61
shift_1_61 0 _ r shift_2_61
shift_1_61 1 _ r shift_3_61
shift_1_61 & _ r shift_4_61
shift_2_61 _ 0 r shift_1_61
shift_2_61 0 0 r shift_2_61
shift_2_61 1 0 r shift_3_61
shift_2_61 & 0 r shift_4_61
shift_3_61 _ 1 r shift_1_61
shift_3_61 0 1 r shift_2_61
shift_3_61 1 1 r shift_3_61
shift_3_61 & 1 r shift_4_61
shift_4_61 _ & l shift_final_61
shift_final_61 * * l shift_final_61
shift_final_61 # # r 62
63 # # r shift_right_64
shift_right_64 _ _ r shift_1_64
shift_right_64 0 _ r shift_2_64
shift_right_64 1 _ r shift_3_64
shift_1_64 _ _ r shift_1_64
shift_1_64 0 _ r shift_2_64
shift_1_64 1 _ r shift_3_64
shift_1_64 & _ r shift_4_64
shift_2_64 _ 0 r shift_1_64
shift_2_64 0 0 r shift_2_64
shift_2_64 1 0 r shift_3_64
shift_2_64 & 0 r shift_4_64
shift_3_64 _ 1 r shift_1_64
shift_3_64 0 1 r shift_2_64
shift_3_64 1 1 r shift_3_64
shift_3_64 & 1 r shift_4_64
shift_4_64 _ & l shift_final_64
shift_final_64 * * l shift_final_64
shift_final_64 # # r 63
71 # # r shift_right_69
shift_right_69 _ _ r shift_1_69
shift_right_69 0 _ r shift_2_69
shift_right_69 1 _ r shift_3_69
shift_1_69 _ _ r shift_1_69
shift_1_69 0 _ r shift_2_69
shift_1_69 1 _ r shift_3_69
shift_1_69 & _ r shift_4_69
shift_2_69 _ 0 r shift_1_69
shift_2_69 0 0 r shift_2_69
shift_2_69 1 0 r shift_3_69
shift_2_69 & 0 r shift_4_69
shift_3_69 _ 1 r shift_1_69
shift_3_69 0 1 r shift_2_69
shift_3_69 1 1 r shift_3_69
shift_3_69 & 1 r shift_4_69
shift_4_69 _ & l shift_final_69
shift_final_69 * * l shift_final_69
shift_final_69 # # r 71
72 # # r shift_right_71
shift_right_71 _ _ r shift_1_71
shift_right_71 0 _ r shift_2_71
shift_right_71 1 _ r shift_3_71
shift_1_71 _ _ r shift_1_71
shift_1_71 0 _ r shift_2_71
shift_1_71 1 _ r shift_3_71
shift_1_71 & _ r shift_4_71
shift_2_71 _ 0 r shift_1_71
shift_2_71 0 0 r shift_2_71
shift_2_71 1 0 r shift_3_71
shift_2_71 & 0 r shift_4_71
shift_3_71 _ 1 r shift_1_71
shift_3_71 0 1 r shift_2_71
shift_3_71 1 1 r shift_3_71
shift_3_71 & 1 r shift_4_71
shift_4_71 _ & l shift_final_71
shift_final_71 * * l shift_final_71
shift_final_71 # # r 72
81a # # r shift_right_75
shift_right_75 _ _ r shift_1_75
shift_right_75 0 _ r shift_2_75
shift_right_75 1 _ r shift_3_75
shift_1_75 _ _ r shift_1_75
shift_1_75 0 _ r shift_2_75
shift_1_75 1 _ r shift_3_75
shift_1_75 & _ r shift_4_75
shift_2_75 _ 0 r shift_1_75
shift_2_75 0 0 r shift_2_75
shift_2_75 1 0 r shift_3_75
shift_2_75 & 0 r shift_4_75
shift_3_75 _ 1 r shift_1_75
shift_3_75 0 1 r shift_2_75
shift_3_75 1 1 r shift_3_75
shift_3_75 & 1 r shift_4_75
shift_4_75 _ & l shift_final_75
shift_final_75 * * l shift_final_75
shift_final_75 # # r 81a
81c # # r shift_right_80
shift_right_80 _ _ r shift_1_80
shift_right_80 0 _ r shift_2_80
shift_right_80 1 _ r shift_3_80
shift_1_80 _ _ r shift_1_80
shift_1_80 0 _ r shift_2_80
shift_1_80 1 _ r shift_3_80
shift_1_80 & _ r shift_4_80
shift_2_80 _ 0 r shift_1_80
shift_2_80 0 0 r shift_2_80
shift_2_80 1 0 r shift_3_80
shift_2_80 & 0 r shift_4_80
shift_3_80 _ 1 r shift_1_80
shift_3_80 0 1 r shift_2_80
shift_3_80 1 1 r shift_3_80
shift_3_80 & 1 r shift_4_80
shift_4_80 _ & l shift_final_80
shift_final_80 * * l shift_final_80
shift_final_80 # # r 81c
81dx # # r shift_right_85
shift_right_85 _ _ r shift_1_85
shift_right_85 0 _ r shift_2_85
shift_right_85 1 _ r shift_3_85
shift_1_85 _ _ r shift_1_85
shift_1_85 0 _ r shift_2_85
shift_1_85 1 _ r shift_3_85
shift_1_85 & _ r shift_4_85
shift_2_85 _ 0 r shift_1_85
shift_2_85 0 0 r shift_2_85
shift_2_85 1 0 r shift_3_85
shift_2_85 & 0 r shift_4_85
shift_3_85 _ 1 r shift_1_85
shift_3_85 0 1 r shift_2_85
shift_3_85 1 1 r shift_3_85
shift_3_85 & 1 r shift_4_85
shift_4_85 _ & l shift_final_85
shift_final_85 * * l shift_final_85
shift_final_85 # # r 81dx
81dy # # r shift_right_86
shift_right_86 _ _ r shift_1_86
shift_right_86 0 _ r shift_2_86
shift_right_86 1 _ r shift_3_86
shift_1_86 _ _ r shift_1_86
shift_1_86 0 _ r shift_2_86
shift_1_86 1 _ r shift_3_86
shift_1_86 & _ r shift_4_86
shift_2_86 _ 0 r shift_1_86
shift_2_86 0 0 r shift_2_86
shift_2_86 1 0 r shift_3_86
shift_2_86 & 0 r shift_4_86
shift_3_86 _ 1 r shift_1_86
shift_3_86 0 1 r shift_2_86
shift_3_86 1 1 r shift_3_86
shift_3_86 & 1 r shift_4_86
shift_4_86 _ & l shift_final_86
shift_final_86 * * l shift_final_86
shift_final_86 # # r 81dy
81ex # # r shift_right_87
shift_right_87 _ _ r shift_1_87
shift_right_87 0 _ r shift_2_87
shift_right_87 1 _ r shift_3_87
shift_1_87 _ _ r shift_1_87
shift_1_87 0 _ r shift_2_87
shift_1_87 1 _ r shift_3_87
shift_1_87 & _ r shift_4_87
shift_2_87 _ 0 r shift_1_87
shift_2_87 0 0 r shift_2_87
shift_2_87 1 0 r shift_3_87
shift_2_87 & 0 r shift_4_87
shift_3_87 _ 1 r shift_1_87
shift_3_87 0 1 r shift_2_87
shift_3_87 1 1 r shift_3_87
shift_3_87 & 1 r shift_4_87
shift_4_87 _ & l shift_final_87
shift_final_87 * * l shift_final_87
shift_final_87 # # r 81ex
81ey # # r shift_right_89
shift_right_89 _ _ r shift_1_89
shift_right_89 0 _ r shift_2_89
shift_right_89 1 _ r shift_3_89
shift_1_89 _ _ r shift_1_89
shift_1_89 0 _ r shift_2_89
shift_1_89 1 _ r shift_3_89
shift_1_89 & _ r shift_4_89
shift_2_89 _ 0 r shift_1_89
shift_2_89 0 0 r shift_2_89
shift_2_89 1 0 r shift_3_89
shift_2_89 & 0 r shift_4_89
shift_3_89 _ 1 r shift_1_89
shift_3_89 0 1 r shift_2_89
shift_3_89 1 1 r shift_3_89
shift_3_89 & 1 r shift_4_89
shift_4_89 _ & l shift_final_89
shift_final_89 * * l shift_final_89
shift_final_89 # # r 81ey
81m # # r shift_right_101
shift_right_101 _ _ r shift_1_101
shift_right_101 0 _ r shift_2_101
shift_right_101 1 _ r shift_3_101
shift_1_101 _ _ r shift_1_101
shift_1_101 0 _ r shift_2_101
shift_1_101 1 _ r shift_3_101
shift_1_101 & _ r shift_4_101
shift_2_101 _ 0 r shift_1_101
shift_2_101 0 0 r shift_2_101
shift_2_101 1 0 r shift_3_101
shift_2_101 & 0 r shift_4_101
shift_3_101 _ 1 r shift_1_101
shift_3_101 0 1 r shift_2_101
shift_3_101 1 1 r shift_3_101
shift_3_101 & 1 r shift_4_101
shift_4_101 _ & l shift_final_101
shift_final_101 * * l shift_final_101
shift_final_101 # # r 81m
81n # # r shift_right_103
shift_right_103 _ _ r shift_1_103
shift_right_103 0 _ r shift_2_103
shift_right_103 1 _ r shift_3_103
shift_1_103 _ _ r shift_1_103
shift_1_103 0 _ r shift_2_103
shift_1_103 1 _ r shift_3_103
shift_1_103 & _ r shift_4_103
shift_2_103 _ 0 r shift_1_103
shift_2_103 0 0 r shift_2_103
shift_2_103 1 0 r shift_3_103
shift_2_103 & 0 r shift_4_103
shift_3_103 _ 1 r shift_1_103
shift_3_103 0 1 r shift_2_103
shift_3_103 1 1 r shift_3_103
shift_3_103 & 1 r shift_4_103
shift_4_103 _ & l shift_final_103
shift_final_103 * * l shift_final_103
shift_final_103 # # r 81n
82 # # r shift_right_109
shift_right_109 _ _ r shift_1_109
shift_right_109 0 _ r shift_2_109
shift_right_109 1 _ r shift_3_109
shift_1_109 _ _ r shift_1_109
shift_1_109 0 _ r shift_2_109
shift_1_109 1 _ r shift_3_109
shift_1_109 & _ r shift_4_109
shift_2_109 _ 0 r shift_1_109
shift_2_109 0 0 r shift_2_109
shift_2_109 1 0 r shift_3_109
shift_2_109 & 0 r shift_4_109
shift_3_109 _ 1 r shift_1_109
shift_3_109 0 1 r shift_2_109
shift_3_109 1 1 r shift_3_109
shift_3_109 & 1 r shift_4_109
shift_4_109 _ & l shift_final_109
shift_final_109 * * l shift_final_109
shift_final_109 # # r 82
83 # # r shift_right_111
shift_right_111 _ _ r shift_1_111
shift_right_111 0 _ r shift_2_111
shift_right_111 1 _ r shift_3_111
shift_1_111 _ _ r shift_1_111
shift_1_111 0 _ r shift_2_111
shift_1_111 1 _ r shift_3_111
shift_1_111 & _ r shift_4_111
shift_2_111 _ 0 r shift_1_111
shift_2_111 0 0 r shift_2_111
shift_2_111 1 0 r shift_3_111
shift_2_111 & 0 r shift_4_111
shift_3_111 _ 1 r shift_1_111
shift_3_111 0 1 r shift_2_111
shift_3_111 1 1 r shift_3_111
shift_3_111 & 1 r shift_4_111
shift_4_111 _ & l shift_final_111
shift_final_111 * * l shift_final_111
shift_final_111 # # r 83
84 # # r shift_right_114
shift_right_114 _ _ r shift_1_114
shift_right_114 0 _ r shift_2_114
shift_right_114 1 _ r shift_3_114
shift_1_114 _ _ r shift_1_114
shift_1_114 0 _ r shift_2_114
shift_1_114 1 _ r shift_3_114
shift_1_114 & _ r shift_4_114
shift_2_114 _ 0 r shift_1_114
shift_2_114 0 0 r shift_2_114
shift_2_114 1 0 r shift_3_114
shift_2_114 & 0 r shift_4_114
shift_3_114 _ 1 r shift_1_114
shift_3_114 0 1 r shift_2_114
shift_3_114 1 1 r shift_3_114
shift_3_114 & 1 r shift_4_114
shift_4_114 _ & l shift_final_114
shift_final_114 * * l shift_final_114
shift_final_114 # # r 84
85 # # r shift_right_116
shift_right_116 _ _ r shift_1_116
shift_right_116 0 _ r shift_2_116
shift_right_116 1 _ r shift_3_116
shift_1_116 _ _ r shift_1_116
shift_1_116 0 _ r shift_2_116
shift_1_116 1 _ r shift_3_116
shift_1_116 & _ r shift_4_116
shift_2_116 _ 0 r shift_1_116
shift_2_116 0 0 r shift_2_116
shift_2_116 1 0 r shift_3_116
shift_2_116 & 0 r shift_4_116
shift_3_116 _ 1 r shift_1_116
shift_3_116 0 1 r shift_2_116
shift_3_116 1 1 r shift_3_116
shift_3_116 & 1 r shift_4_116
shift_4_116 _ & l shift_final_116
shift_final_116 * * l shift_final_116
shift_final_116 # # r 85
90 # # r shift_right_124
shift_right_124 _ _ r shift_1_124
shift_right_124 0 _ r shift_2_124
shift_right_124 1 _ r shift_3_124
shift_1_124 _ _ r shift_1_124
shift_1_124 0 _ r shift_2_124
shift_1_124 1 _ r shift_3_124
shift_1_124 & _ r shift_4_124
shift_2_124 _ 0 r shift_1_124
shift_2_124 0 0 r shift_2_124
shift_2_124 1 0 r shift_3_124
shift_2_124 & 0 r shift_4_124
shift_3_124 _ 1 r shift_1_124
shift_3_124 0 1 r shift_2_124
shift_3_124 1 1 r shift_3_124
shift_3_124 & 1 r shift_4_124
shift_4_124 _ & l shift_final_124
shift_final_124 * * l shift_final_124
shift_final_124 # # r 90
101 # # r shift_right_138
shift_right_138 _ _ r shift_1_138
shift_right_138 0 _ r shift_2_138
shift_right_138 1 _ r shift_3_138
shift_1_138 _ _ r shift_1_138
shift_1_138 0 _ r shift_2_138
shift_1_138 1 _ r shift_3_138
shift_1_138 & _ r shift_4_138
shift_2_138 _ 0 r shift_1_138
shift_2_138 0 0 r shift_2_138
shift_2_138 1 0 r shift_3_138
shift_2_138 & 0 r shift_4_138
shift_3_138 _ 1 r shift_1_138
shift_3_138 0 1 r shift_2_138
shift_3_138 1 1 r shift_3_138
shift_3_138 & 1 r shift_4_138
shift_4_138 _ & l shift_final_138
shift_final_138 * * l shift_final_138
shift_final_138 # # r 101
102 # # r shift_right_140
shift_right_140 _ _ r shift_1_140
shift_right_140 0 _ r shift_2_140
shift_right_140 1 _ r shift_3_140
shift_1_140 _ _ r shift_1_140
shift_1_140 0 _ r shift_2_140
shift_1_140 1 _ r shift_3_140
shift_1_140 & _ r shift_4_140
shift_2_140 _ 0 r shift_1_140
shift_2_140 0 0 r shift_2_140
shift_2_140 1 0 r shift_3_140
shift_2_140 & 0 r shift_4_140
shift_3_140 _ 1 r shift_1_140
shift_3_140 0 1 r shift_2_140
shift_3_140 1 1 r shift_3_140
shift_3_140 & 1 r shift_4_140
shift_4_140 _ & l shift_final_140
shift_final_140 * * l shift_final_140
shift_final_140 # # r 102
200 # # r shift_right_145
shift_right_145 _ _ r shift_1_145
shift_right_145 0 _ r shift_2_145
shift_right_145 1 _ r shift_3_145
shift_1_145 _ _ r shift_1_145
shift_1_145 0 _ r shift_2_145
shift_1_145 1 _ r shift_3_145
shift_1_145 & _ r shift_4_145
shift_2_145 _ 0 r shift_1_145
shift_2_145 0 0 r shift_2_145
shift_2_145 1 0 r shift_3_145
shift_2_145 & 0 r shift_4_145
shift_3_145 _ 1 r shift_1_145
shift_3_145 0 1 r shift_2_145
shift_3_145 1 1 r shift_3_145
shift_3_145 & 1 r shift_4_145
shift_4_145 _ & l shift_final_145
shift_final_145 * * l shift_final_145
shift_final_145 # # r 200
202 # # r shift_right_149
shift_right_149 _ _ r shift_1_149
shift_right_149 0 _ r shift_2_149
shift_right_149 1 _ r shift_3_149
shift_1_149 _ _ r shift_1_149
shift_1_149 0 _ r shift_2_149
shift_1_149 1 _ r shift_3_149
shift_1_149 & _ r shift_4_149
shift_2_149 _ 0 r shift_1_149
shift_2_149 0 0 r shift_2_149
shift_2_149 1 0 r shift_3_149
shift_2_149 & 0 r shift_4_149
shift_3_149 _ 1 r shift_1_149
shift_3_149 0 1 r shift_2_149
shift_3_149 1 1 r shift_3_149
shift_3_149 & 1 r shift_4_149
shift_4_149 _ & l shift_final_149
shift_final_149 * * l shift_final_149
shift_final_149 # # r 202
501 # # r shift_right_154
shift_right_154 _ _ r shift_1_154
shift_right_154 0 _ r shift_2_154
shift_right_154 1 _ r shift_3_154
shift_1_154 _ _ r shift_1_154
shift_1_154 0 _ r shift_2_154
shift_1_154 1 _ r shift_3_154
shift_1_154 & _ r shift_4_154
shift_2_154 _ 0 r shift_1_154
shift_2_154 0 0 r shift_2_154
shift_2_154 1 0 r shift_3_154
shift_2_154 & 0 r shift_4_154
shift_3_154 _ 1 r shift_1_154
shift_3_154 0 1 r shift_2_154
shift_3_154 1 1 r shift_3_154
shift_3_154 & 1 r shift_4_154
shift_4_154 _ & l shift_final_154
shift_final_154 * * l shift_final_154
shift_final_154 # # r 501
502 # # r shift_right_156
shift_right_156 _ _ r shift_1_156
shift_right_156 0 _ r shift_2_156
shift_right_156 1 _ r shift_3_156
shift_1_156 _ _ r shift_1_156
shift_1_156 0 _ r shift_2_156
shift_1_156 1 _ r shift_3_156
shift_1_156 & _ r shift_4_156
shift_2_156 _ 0 r shift_1_156
shift_2_156 0 0 r shift_2_156
shift_2_156 1 0 r shift_3_156
shift_2_156 & 0 r shift_4_156
shift_3_156 _ 1 r shift_1_156
shift_3_156 0 1 r shift_2_156
shift_3_156 1 1 r shift_3_156
shift_3_156 & 1 r shift_4_156
shift_4_156 _ & l shift_final_156
shift_final_156 * * l shift_final_156
shift_final_156 # # r 502
601 # # r shift_right_171
shift_right_171 _ _ r shift_1_171
shift_right_171 0 _ r shift_2_171
shift_right_171 1 _ r shift_3_171
shift_1_171 _ _ r shift_1_171
shift_1_171 0 _ r shift_2_171
shift_1_171 1 _ r shift_3_171
shift_1_171 & _ r shift_4_171
shift_2_171 _ 0 r shift_1_171
shift_2_171 0 0 r shift_2_171
shift_2_171 1 0 r shift_3_171
shift_2_171 & 0 r shift_4_171
shift_3_171 _ 1 r shift_1_171
shift_3_171 0 1 r shift_2_171
shift_3_171 1 1 r shift_3_171
shift_3_171 & 1 r shift_4_171
shift_4_171 _ & l shift_final_171
shift_final_171 * * l shift_final_171
shift_final_171 # # r 601
602 # # r shift_right_173
shift_right_173 _ _ r shift_1_173
shift_right_173 0 _ r shift_2_173
shift_right_173 1 _ r shift_3_173
shift_1_173 _ _ r shift_1_173
shift_1_173 0 _ r shift_2_173
shift_1_173 1 _ r shift_3_173
shift_1_173 & _ r shift_4_173
shift_2_173 _ 0 r shift_1_173
shift_2_173 0 0 r shift_2_173
shift_2_173 1 0 r shift_3_173
shift_2_173 & 0 r shift_4_173
shift_3_173 _ 1 r shift_1_173
shift_3_173 0 1 r shift_2_173
shift_3_173 1 1 r shift_3_173
shift_3_173 & 1 r shift_4_173
shift_4_173 _ & l shift_final_173
shift_final_173 * * l shift_final_173
shift_final_173 # # r 602
2 & _ r delim_dir_1
delim_dir_1 _ & l 2
4 & _ r delim_dir_4
delim_dir_4 _ & l 4
5x & _ r delim_dir_8
delim_dir_8 _ & l 5x
5y & _ r delim_dir_9
delim_dir_9 _ & l 5y
10 & _ r delim_dir_13
delim_dir_13 _ & l 10
6x & _ r delim_dir_14
delim_dir_14 _ & l 6x
6y & _ r delim_dir_16
delim_dir_16 _ & l 6y
12 & _ r delim_dir_24
delim_dir_24 _ & l 12
13x & _ r delim_dir_28
delim_dir_28 _ & l 13x
13y & _ r delim_dir_29
delim_dir_29 _ & l 13y
21 & _ r delim_dir_37
delim_dir_37 _ & l 21
23 & _ r delim_dir_40
delim_dir_40 _ & l 23
50 & _ r delim_dir_43
delim_dir_43 _ & l 50
51 & _ r delim_dir_45
delim_dir_45 _ & l 51
52x & _ r delim_dir_49
delim_dir_49 _ & l 52x
52y & _ r delim_dir_50
delim_dir_50 _ & l 52y
60 & _ r delim_dir_58
delim_dir_58 _ & l 60
70 & _ r delim_dir_63
delim_dir_63 _ & l 70
80 & _ r delim_dir_68
delim_dir_68 _ & l 80
81b & _ r delim_dir_77
delim_dir_77 _ & l 81b
81k & _ r delim_dir_79
delim_dir_79 _ & l 81k
100 & _ r delim_dir_84
delim_dir_84 _ & l 100
81f & _ r delim_dir_91
delim_dir_91 _ & l 81f
81o & _ r delim_dir_107
delim_dir_107 _ & l 81o
86 & _ r delim_dir_118
delim_dir_118 _ & l 86
87x & _ r delim_dir_122
delim_dir_122 _ & l 87x
87y & _ r delim_dir_123
delim_dir_123 _ & l 87y
88x & _ r delim_dir_125
delim_dir_125 _ & l 88x
88y & _ r delim_dir_127
delim_dir_127 _ & l 88y
91 & _ r delim_dir_135
delim_dir_135 _ & l 91
103 & _ r delim_dir_144
delim_dir_144 _ & l 103
201 & _ r delim_dir_147
delim_dir_147 _ & l 201
600 & _ r delim_dir_151
delim_dir_151 _ & l 600
500 & _ r delim_dir_153
delim_dir_153 _ & l 500
502a & _ r delim_dir_158
delim_dir_158 _ & l 502a
503 & _ r delim_dir_160
delim_dir_160 _ & l 503
504 & _ r delim_dir_162
delim_dir_162 _ & l 504
505 & _ r delim_dir_163
delim_dir_163 _ & l 505
506 & _ r delim_dir_164
delim_dir_164 _ & l 506
507 & _ r delim_dir_165
delim_dir_165 _ & l 507
508 & _ r delim_dir_166
delim_dir_166 _ & l 508
509 & _ r delim_dir_167
delim_dir_167 _ & l 509
510 & _ r delim_dir_168
delim_dir_168 _ & l 510
511 & _ r delim_dir_169
delim_dir_169 _ & l 511
603 & _ r delim_dir_175
delim_dir_175 _ & l 603
604 & _ r delim_dir_177
delim_dir_177 _ & l 604
605 & _ r delim_dir_179
delim_dir_179 _ & l 605
606 & _ r delim_dir_180
delim_dir_180 _ & l 606
607 & _ r delim_dir_181
delim_dir_181 _ & l 607
608 & _ r delim_dir_182
delim_dir_182 _ & l 608
609 & _ r delim_dir_183
delim_dir_183 _ & l 609
610 & _ r delim_dir_184
delim_dir_184 _ & l 610
611 & _ r delim_dir_185
delim_dir_185 _ & l 611
612 & _ r delim_dir_186
delim_dir_186 _ & l 612
613 & _ r delim_dir_187
delim_dir_187 _ & l 613
614 & _ r delim_dir_188
delim_dir_188 _ & l 614
615 & _ r delim_dir_189
delim_dir_189 _ & l 615
616 & _ r delim_dir_190
delim_dir_190 _ & l 616
