;S
0_old _ _ l 1
0_old 0 0 r 0_old
0_old 1 1 r 0_old
0_old B B r 0_old
0_old X X r 0_old
1 1 _ r 2
1 0 _ r 3
1 _ _ r 4
2 0 1 l 5
2 1 1 l 5
2 _ 1 l 5
2 B 1 l 5
2 X 1 l 5
5 0 0 l 1
5 1 1 l 1
5 _ _ l 1
5 B B l 1
5 X X l 1
3 0 0 l 6
3 1 0 l 6
3 _ 0 l 6
3 B 0 l 6
3 X 0 l 6
6 0 0 l 1
6 1 1 l 1
6 _ _ l 1
6 B B l 1
6 X X l 1
4 _ B r 7
8 1 X l 9
8 0 X l 10
8 X X l 8
8 B B r halt-accept
9 1 1 l 9
9 X X l 9
9 0 X r 7
10 0 0 l 10
10 X X l 10
10 1 X r 7
7 _ _ l 8
7 0 0 r 7
7 1 1 r 7
7 B B r 7
7 X X r 7
0 0 # r 1_aux
0 1 # r 2_aux
1_aux 0 0 r 1_aux
1_aux _ 0 r 3_aux
1_aux 1 0 r 2_aux
2_aux 0 1 r 1_aux
2_aux 1 1 r 2_aux
2_aux _ 1 r 3_aux
3_aux _ & l 4_aux
4_aux * * l 4_aux
4_aux # # r 0_old
1 # # r shift_right_0
shift_right_0 _ _ r shift_1_0
shift_right_0 0 _ r shift_2_0
shift_right_0 1 _ r shift_3_0
shift_1_0 _ _ r shift_1_0
shift_1_0 0 _ r shift_2_0
shift_1_0 1 _ r shift_3_0
shift_1_0 & _ r shift_4_0
shift_2_0 _ 0 r shift_1_0
shift_2_0 0 0 r shift_2_0
shift_2_0 1 0 r shift_3_0
shift_2_0 & 0 r shift_4_0
shift_3_0 _ 1 r shift_1_0
shift_3_0 0 1 r shift_2_0
shift_3_0 1 1 r shift_3_0
shift_3_0 & 1 r shift_4_0
shift_4_0 _ & l shift_final_0
shift_final_0 * * l shift_final_0
shift_final_0 # # r 1
5 # # r shift_right_8
shift_right_8 _ _ r shift_1_8
shift_right_8 0 _ r shift_2_8
shift_right_8 1 _ r shift_3_8
shift_1_8 _ _ r shift_1_8
shift_1_8 0 _ r shift_2_8
shift_1_8 1 _ r shift_3_8
shift_1_8 & _ r shift_4_8
shift_2_8 _ 0 r shift_1_8
shift_2_8 0 0 r shift_2_8
shift_2_8 1 0 r shift_3_8
shift_2_8 & 0 r shift_4_8
shift_3_8 _ 1 r shift_1_8
shift_3_8 0 1 r shift_2_8
shift_3_8 1 1 r shift_3_8
shift_3_8 & 1 r shift_4_8
shift_4_8 _ & l shift_final_8
shift_final_8 * * l shift_final_8
shift_final_8 # # r 5
6 # # r shift_right_18
shift_right_18 _ _ r shift_1_18
shift_right_18 0 _ r shift_2_18
shift_right_18 1 _ r shift_3_18
shift_1_18 _ _ r shift_1_18
shift_1_18 0 _ r shift_2_18
shift_1_18 1 _ r shift_3_18
shift_1_18 & _ r shift_4_18
shift_2_18 _ 0 r shift_1_18
shift_2_18 0 0 r shift_2_18
shift_2_18 1 0 r shift_3_18
shift_2_18 & 0 r shift_4_18
shift_3_18 _ 1 r shift_1_18
shift_3_18 0 1 r shift_2_18
shift_3_18 1 1 r shift_3_18
shift_3_18 & 1 r shift_4_18
shift_4_18 _ & l shift_final_18
shift_final_18 * * l shift_final_18
shift_final_18 # # r 6
9 # # r shift_right_29
shift_right_29 _ _ r shift_1_29
shift_right_29 0 _ r shift_2_29
shift_right_29 1 _ r shift_3_29
shift_1_29 _ _ r shift_1_29
shift_1_29 0 _ r shift_2_29
shift_1_29 1 _ r shift_3_29
shift_1_29 & _ r shift_4_29
shift_2_29 _ 0 r shift_1_29
shift_2_29 0 0 r shift_2_29
shift_2_29 1 0 r shift_3_29
shift_2_29 & 0 r shift_4_29
shift_3_29 _ 1 r shift_1_29
shift_3_29 0 1 r shift_2_29
shift_3_29 1 1 r shift_3_29
shift_3_29 & 1 r shift_4_29
shift_4_29 _ & l shift_final_29
shift_final_29 * * l shift_final_29
shift_final_29 # # r 9
10 # # r shift_right_30
shift_right_30 _ _ r shift_1_30
shift_right_30 0 _ r shift_2_30
shift_right_30 1 _ r shift_3_30
shift_1_30 _ _ r shift_1_30
shift_1_30 0 _ r shift_2_30
shift_1_30 1 _ r shift_3_30
shift_1_30 & _ r shift_4_30
shift_2_30 _ 0 r shift_1_30
shift_2_30 0 0 r shift_2_30
shift_2_30 1 0 r shift_3_30
shift_2_30 & 0 r shift_4_30
shift_3_30 _ 1 r shift_1_30
shift_3_30 0 1 r shift_2_30
shift_3_30 1 1 r shift_3_30
shift_3_30 & 1 r shift_4_30
shift_4_30 _ & l shift_final_30
shift_final_30 * * l shift_final_30
shift_final_30 # # r 10
8 # # r shift_right_31
shift_right_31 _ _ r shift_1_31
shift_right_31 0 _ r shift_2_31
shift_right_31 1 _ r shift_3_31
shift_1_31 _ _ r shift_1_31
shift_1_31 0 _ r shift_2_31
shift_1_31 1 _ r shift_3_31
shift_1_31 & _ r shift_4_31
shift_2_31 _ 0 r shift_1_31
shift_2_31 0 0 r shift_2_31
shift_2_31 1 0 r shift_3_31
shift_2_31 & 0 r shift_4_31
shift_3_31 _ 1 r shift_1_31
shift_3_31 0 1 r shift_2_31
shift_3_31 1 1 r shift_3_31
shift_3_31 & 1 r shift_4_31
shift_4_31 _ & l shift_final_31
shift_final_31 * * l shift_final_31
shift_final_31 # # r 8
0_old & _ r delim_dir_1
delim_dir_1 _ & l 0_old
2 & _ r delim_dir_5
delim_dir_5 _ & l 2
3 & _ r delim_dir_6
delim_dir_6 _ & l 3
4 & _ r delim_dir_7
delim_dir_7 _ & l 4
7 & _ r delim_dir_28
delim_dir_28 _ & l 7
